+----------------------------------------------------------+
| FACILITY Pokladna                                        |
+----------------------------------------------------------+
|  Status = BUSY                                           |
|  Time interval = 0 - 2.58804e+07                         |
|  Number of requests = 257928                             |
|  Average utilization = 0.495875                          |
+----------------------------------------------------------+
  Input queue 'Pokladna.Q1'
+----------------------------------------------------------+
| QUEUE Q1                                                 |
+----------------------------------------------------------+
|  Time interval = 0 - 2.58804e+07                         |
|  Incoming  209235                                        |
|  Outcoming  209235                                       |
|  Current length = 0                                      |
|  Maximal length = 4                                      |
|  Average length = 0.282894                               |
|  Minimal time = 0.00106196                               |
|  Maximal time = 245.035                                  |
|  Average time = 34.9913                                  |
|  Standard deviation = 19.02                              |
+----------------------------------------------------------+
  Interrupted services queue 'Pokladna.Q2'
+----------------------------------------------------------+
| QUEUE Q2                                                 |
+----------------------------------------------------------+
|  Time interval = 0 - 2.58804e+07                         |
|  Incoming  858                                           |
|  Outcoming  858                                          |
|  Current length = 0                                      |
|  Maximal length = 1                                      |
|  Average length = 0.000494444                            |
|  Minimal time = 10.0263                                  |
|  Maximal time = 37.5815                                  |
|  Average time = 14.9142                                  |
|  Standard deviation = 3.15223                            |
+----------------------------------------------------------+

+----------------------------------------------------------+
| FACILITY Pokladna                                        |
+----------------------------------------------------------+
|  Status = BUSY                                           |
|  Time interval = 0 - 2.58804e+07                         |
|  Number of requests = 175472                             |
|  Average utilization = 0.339167                          |
+----------------------------------------------------------+
  Input queue 'Pokladna.Q1'
+----------------------------------------------------------+
| QUEUE Q1                                                 |
+----------------------------------------------------------+
|  Time interval = 0 - 2.58804e+07                         |
|  Incoming  106798                                        |
|  Outcoming  106798                                       |
|  Current length = 0                                      |
|  Maximal length = 4                                      |
|  Average length = 0.141119                               |
|  Minimal time = 0.00162642                               |
|  Maximal time = 227.626                                  |
|  Average time = 34.1974                                  |
|  Standard deviation = 19.2236                            |
+----------------------------------------------------------+

+----------------------------------------------------------+
| FACILITY Pokladna                                        |
+----------------------------------------------------------+
|  Status = BUSY                                           |
|  Time interval = 0 - 2.58804e+07                         |
|  Number of requests = 74377                              |
|  Average utilization = 0.143756                          |
+----------------------------------------------------------+
  Input queue 'Pokladna.Q1'
+----------------------------------------------------------+
| QUEUE Q1                                                 |
+----------------------------------------------------------+
|  Time interval = 0 - 2.58804e+07                         |
|  Incoming  32909                                         |
|  Outcoming  32908                                        |
|  Current length = 1                                      |
|  Maximal length = 4                                      |
|  Average length = 0.0462835                              |
|  Minimal time = 0.00449771                               |
|  Maximal time = 239.957                                  |
|  Average time = 36.3994                                  |
|  Standard deviation = 19.9095                            |
+----------------------------------------------------------+

+----------------------------------------------------------+
| FACILITY Pokladna                                        |
+----------------------------------------------------------+
|  Status = not BUSY                                       |
|  Time interval = 0 - 2.58804e+07                         |
|  Number of requests = 18826                              |
|  Average utilization = 0.036483                          |
+----------------------------------------------------------+
  Input queue 'Pokladna.Q1'
+----------------------------------------------------------+
| QUEUE Q1                                                 |
+----------------------------------------------------------+
|  Time interval = 0 - 2.58804e+07                         |
|  Incoming  6940                                          |
|  Outcoming  6940                                         |
|  Current length = 0                                      |
|  Maximal length = 4                                      |
|  Average length = 0.0108289                              |
|  Minimal time = 0.065046                                 |
|  Maximal time = 228.478                                  |
|  Average time = 40.3828                                  |
|  Standard deviation = 22.5378                            |
+----------------------------------------------------------+

+----------------------------------------------------------+
| FACILITY Vaha                                            |
+----------------------------------------------------------+
|  Status = not BUSY                                       |
|  Time interval = 0 - 2.58804e+07                         |
|  Number of requests = 130622                             |
|  Average utilization = 0.252357                          |
+----------------------------------------------------------+

+----------------------------------------------------------+
| FACILITY Vaha                                            |
+----------------------------------------------------------+
|  Status = not BUSY                                       |
+----------------------------------------------------------+

+----------------------------------------------------------+
| FACILITY Vaha                                            |
+----------------------------------------------------------+
|  Status = not BUSY                                       |
+----------------------------------------------------------+

+----------------------------------------------------------+
| FACILITY Vaha                                            |
+----------------------------------------------------------+
|  Status = not BUSY                                       |
+----------------------------------------------------------+

+----------------------------------------------------------+
| QUEUE Fronta lahodok                                     |
+----------------------------------------------------------+
|  Time interval = 0 - 2.58804e+07                         |
|  Incoming  61719                                         |
|  Outcoming  61719                                        |
|  Current length = 0                                      |
|  Maximal length = 19                                     |
|  Average length = 0.231483                               |
|  Minimal time = 0.00223101                               |
|  Maximal time = 1275.02                                  |
|  Average time = 97.067                                   |
|  Standard deviation = 101.154                            |
+----------------------------------------------------------+
+----------------------------------------------------------+
| STORE Sklad kosikov                                      |
+----------------------------------------------------------+
|  Capacity = 135  (10 used, 125 free)                     |
|  Time interval = 0 - 2.58804e+07                         |
|  Number of Enter operations = 208029                     |
|  Minimal used capacity = 0                               |
|  Maximal used capacity = 27                              |
|  Average used capacity = 5.14785                         |
+----------------------------------------------------------+

+----------------------------------------------------------+
| HISTOGRAM Doba stravena v systeme: 07:00-12:00           |
+----------------------------------------------------------+
| STATISTIC                                                |
+----------------------------------------------------------+
|  Min = 10                      Max = 9547.66             |
|  Number of records = 194915                              |
|  Average value = 619.512                                 |
|  Standard deviation = 638.561                            |
+----------------------------------------------------------+
|    from    |     to     |     n    |   rel    |   sum    |
+------------+------------+----------+----------+----------+
|      0.000 |     30.000 |     1437 | 0.007372 | 0.007372 |
|     30.000 |     60.000 |    13278 | 0.068122 | 0.075494 |
|     60.000 |     90.000 |    17457 | 0.089562 | 0.165057 |
|     90.000 |    120.000 |    12098 | 0.062068 | 0.227125 |
|    120.000 |    150.000 |     4551 | 0.023349 | 0.250473 |
|    150.000 |    180.000 |     4505 | 0.023113 | 0.273586 |
|    180.000 |    210.000 |     6748 | 0.034620 | 0.308206 |
|    210.000 |    240.000 |     6713 | 0.034441 | 0.342647 |
|    240.000 |    270.000 |     5393 | 0.027668 | 0.370315 |
|    270.000 |    300.000 |     4709 | 0.024159 | 0.394475 |
+------------+------------+----------+----------+----------+

+----------------------------------------------------------+
| HISTOGRAM Doba stravena v systeme: 16:00-20:00           |
+----------------------------------------------------------+
| STATISTIC                                                |
+----------------------------------------------------------+
|  Min = 10                      Max = 8352.87             |
|  Number of records = 150741                              |
|  Average value = 658.012                                 |
|  Standard deviation = 670.461                            |
+----------------------------------------------------------+
|    from    |     to     |     n    |   rel    |   sum    |
+------------+------------+----------+----------+----------+
|      0.000 |     30.000 |     1031 | 0.006840 | 0.006840 |
|     30.000 |     60.000 |     9962 | 0.066087 | 0.072926 |
|     60.000 |     90.000 |    12587 | 0.083501 | 0.156427 |
|     90.000 |    120.000 |     8279 | 0.054922 | 0.211349 |
|    120.000 |    150.000 |     3219 | 0.021355 | 0.232704 |
|    150.000 |    180.000 |     3186 | 0.021136 | 0.253839 |
|    180.000 |    210.000 |     4945 | 0.032805 | 0.286644 |
|    210.000 |    240.000 |     5015 | 0.033269 | 0.319913 |
|    240.000 |    270.000 |     4031 | 0.026741 | 0.346654 |
|    270.000 |    300.000 |     3638 | 0.024134 | 0.370788 |
+------------+------------+----------+----------+----------+

+----------------------------------------------------------+
| HISTOGRAM Doba stravena v systeme: 12:00-16:00           |
+----------------------------------------------------------+
| STATISTIC                                                |
+----------------------------------------------------------+
|  Min = 69.2199                 Max = 3699.63             |
|  Number of records = 183                                 |
|  Average value = 775.64                                  |
|  Standard deviation = 764.348                            |
+----------------------------------------------------------+
|    from    |     to     |     n    |   rel    |   sum    |
+------------+------------+----------+----------+----------+
|      0.000 |     30.000 |        0 | 0.000000 | 0.000000 |
|     30.000 |     60.000 |        0 | 0.000000 | 0.000000 |
|     60.000 |     90.000 |        4 | 0.021858 | 0.021858 |
|     90.000 |    120.000 |       14 | 0.076503 | 0.098361 |
|    120.000 |    150.000 |       11 | 0.060109 | 0.158470 |
|    150.000 |    180.000 |        8 | 0.043716 | 0.202186 |
|    180.000 |    210.000 |        3 | 0.016393 | 0.218579 |
|    210.000 |    240.000 |       10 | 0.054645 | 0.273224 |
|    240.000 |    270.000 |        5 | 0.027322 | 0.300546 |
|    270.000 |    300.000 |        0 | 0.000000 | 0.300546 |
+------------+------------+----------+----------+----------+

